<?xml version="1.0" encoding="UTF-8"?>
<!-- Generated by org.testng.reporters.JUnitReportReporter -->
<testsuite hostname="LAPTOP-ODIK6SBS" failures="0" tests="6" name="Tests.RecentsPageTest" time="30.092" errors="0" timestamp="2023-12-17T18:42:51 BDT" skipped="0">
  <testcase classname="Tests.RecentsPageTest" name="recentCallLogTest" time="6.687"/>
  <testcase classname="Tests.RecentsPageTest" name="blockFunctionalityCheck" time="6.673"/>
  <testcase classname="Tests.RecentsPageTest" name="unblockFunctionalityTest" time="6.674"/>
  <testcase classname="Tests.RecentsPageTest" name="ClickOntheCallDetailsOption" time="3.390"/>
  <testcase classname="Tests.RecentsPageTest" name="deleteTheNumber" time="3.328"/>
  <testcase classname="Tests.RecentsPageTest" name="traverseContactPage" time="3.340"/>
</testsuite> <!-- Tests.RecentsPageTest -->
