<?xml version="1.0" encoding="UTF-8"?>
<!-- Generated by org.testng.reporters.JUnitReportReporter -->
<testsuite hostname="LAPTOP-ODIK6SBS" failures="0" tests="3" name="Tests.CallingPageTest" time="11.708" errors="0" timestamp="2023-12-17T18:42:51 BDT" skipped="0">
  <testcase classname="Tests.CallingPageTest" name="speakerTest" time="4.317"/>
  <testcase classname="Tests.CallingPageTest" name="unmuteTest" time="4.051"/>
  <testcase classname="Tests.CallingPageTest" name="endCallTest" time="3.340"/>
</testsuite> <!-- Tests.CallingPageTest -->
