<?xml version="1.0" encoding="UTF-8"?>
<!-- Generated by org.testng.reporters.JUnitReportReporter -->
<testsuite hostname="LAPTOP-ODIK6SBS" failures="0" tests="3" name="Tests.DailPadTest" time="57.391" errors="0" timestamp="2023-12-16T16:37:21 BDT" skipped="0">
  <testcase classname="Tests.DailPadTest" name="openDialPadeOptionTest" time="4.216"/>
  <testcase classname="Tests.DailPadTest" name="dialNumberTest" time="49.664"/>
  <testcase classname="Tests.DailPadTest" name="callTheNumberTest" time="3.511"/>
</testsuite> <!-- Tests.DailPadTest -->
