<?xml version="1.0" encoding="UTF-8"?>
<!-- Generated by org.testng.reporters.JUnitReportReporter -->
<testsuite hostname="LAPTOP-ODIK6SBS" failures="0" tests="3" name="Tests.CallingPageTest" time="10.798" errors="0" timestamp="2023-12-17T16:03:21 BDT" skipped="0">
  <testcase classname="Tests.CallingPageTest" name="speakerTest" time="3.844"/>
  <testcase classname="Tests.CallingPageTest" name="unmuteTest" time="3.411"/>
  <testcase classname="Tests.CallingPageTest" name="endCallTest" time="3.543"/>
</testsuite> <!-- Tests.CallingPageTest -->
