<?xml version="1.0" encoding="UTF-8"?>
<!-- Generated by org.testng.reporters.JUnitReportReporter -->
<testsuite hostname="LAPTOP-ODIK6SBS" failures="0" tests="3" name="Tests.DailPadTest" time="28.525" errors="0" timestamp="2023-12-17T18:42:51 BDT" skipped="0">
  <testcase classname="Tests.DailPadTest" name="openDialPadeOptionTest" time="3.978"/>
  <testcase classname="Tests.DailPadTest" name="dialNumberTest" time="20.418"/>
  <testcase classname="Tests.DailPadTest" name="callTheNumberTest" time="4.129"/>
</testsuite> <!-- Tests.DailPadTest -->
