<?xml version="1.0" encoding="UTF-8"?>
<!-- Generated by org.testng.reporters.JUnitReportReporter -->
<testsuite hostname="LAPTOP-ODIK6SBS" failures="0" tests="2" name="Tests.RecentsPageTest" time="10.035" errors="0" timestamp="2023-12-17T16:27:11 BDT" skipped="0">
  <testcase classname="Tests.RecentsPageTest" name="recentCallLogTest" time="6.638"/>
  <testcase classname="Tests.RecentsPageTest" name="dialNumberTest" time="3.397"/>
</testsuite> <!-- Tests.RecentsPageTest -->
