<?xml version="1.0" encoding="UTF-8"?>
<!-- Generated by org.testng.reporters.JUnitReportReporter -->
<testsuite hostname="LAPTOP-ODIK6SBS" failures="0" tests="3" name="Tests.DailPadTest" time="25.960" errors="0" timestamp="2023-12-17T16:27:11 BDT" skipped="0">
  <testcase classname="Tests.DailPadTest" name="openDialPadeOptionTest" time="3.834"/>
  <testcase classname="Tests.DailPadTest" name="dialNumberTest" time="18.029"/>
  <testcase classname="Tests.DailPadTest" name="callTheNumberTest" time="4.097"/>
</testsuite> <!-- Tests.DailPadTest -->
