<?xml version="1.0" encoding="UTF-8"?>
<!-- Generated by org.testng.reporters.JUnitReportReporter -->
<testsuite hostname="LAPTOP-ODIK6SBS" failures="0" tests="1" name="Tests.DailPadTest" time="0.063" errors="0" timestamp="2023-12-16T15:37:30 BDT" skipped="0">
  <testcase classname="Tests.DailPadTest" name="openDialPadeOptionTest" time="0.063"/>
</testsuite> <!-- Tests.DailPadTest -->
