<?xml version="1.0" encoding="UTF-8"?>
<!-- Generated by org.testng.reporters.JUnitReportReporter -->
<testsuite hostname="LAPTOP-ODIK6SBS" failures="0" tests="4" name="Tests.ContactsPageTest" time="33.745" errors="0" timestamp="2023-12-17T18:42:51 BDT" skipped="0">
  <testcase classname="Tests.ContactsPageTest" name="recentCallLogTest" time="3.393"/>
  <testcase classname="Tests.ContactsPageTest" name="createAnewContact" time="8.634"/>
  <testcase classname="Tests.ContactsPageTest" name="updateTheContact" time="11.056"/>
  <testcase classname="Tests.ContactsPageTest" name="deleteTheContact" time="10.662"/>
</testsuite> <!-- Tests.ContactsPageTest -->
