<?xml version="1.0" encoding="UTF-8"?>
<!-- Generated by org.testng.reporters.JUnitReportReporter -->
<testsuite hostname="LAPTOP-ODIK6SBS" failures="0" tests="3" name="Tests.DailPadTest" time="28.686" errors="0" timestamp="2023-12-17T16:03:21 BDT" skipped="0">
  <testcase classname="Tests.DailPadTest" name="openDialPadeOptionTest" time="4.443"/>
  <testcase classname="Tests.DailPadTest" name="dialNumberTest" time="20.702"/>
  <testcase classname="Tests.DailPadTest" name="callTheNumberTest" time="3.541"/>
</testsuite> <!-- Tests.DailPadTest -->
